<?xml version="1.0" encoding="UTF-8"?>
<!-- Generated by org.testng.reporters.JUnitXMLReporter -->
<testsuite hostname="MK.local" name="Command line test" tests="3" failures="0" timestamp="17 Mar 2012 13:50:52 GMT" time="0.022" errors="0">
  <testcase name="verifyData1" time="0.0050" classname="com.demo.BaseClassTest"/>
  <testcase name="verifyData1" time="0.0" classname="com.demo.BaseClassTest"/>
  <testcase name="verifyData1" time="0.0" classname="com.demo.BaseClassTest"/>
</testsuite> <!-- Command line test -->
